Removed Pin From Net: NetName=GND Pin=D1-3
Removed Pin From Net: NetName=GND Pin=D1-4
Removed Pin From Net: NetName=GND Pin=D2-3
Removed Pin From Net: NetName=GND Pin=D2-4
Removed Pin From Net: NetName=GND Pin=D3-3
Removed Pin From Net: NetName=GND Pin=D3-4
Removed Pin From Net: NetName=GND Pin=D4-3
Removed Pin From Net: NetName=GND Pin=D4-4
Added Pin To Net: NetName=GND Pin=D1-1
Added Pin To Net: NetName=GND Pin=D1-2
Added Pin To Net: NetName=GND Pin=D2-1
Added Pin To Net: NetName=GND Pin=D2-2
Added Pin To Net: NetName=GND Pin=D3-1
Added Pin To Net: NetName=GND Pin=D3-2
Added Pin To Net: NetName=GND Pin=D4-1
Added Pin To Net: NetName=GND Pin=D4-2
Added Pin To Net: NetName=NetD1_3 Pin=D1-3
Added Pin To Net: NetName=NetD1_3 Pin=R2-2
Added Net: Name=NetD1_3
Added Pin To Net: NetName=NetD1_4 Pin=D1-4
Added Pin To Net: NetName=NetD1_4 Pin=R1-2
Added Net: Name=NetD1_4
Added Pin To Net: NetName=NetD2_3 Pin=D2-3
Added Pin To Net: NetName=NetD2_3 Pin=R4-2
Added Net: Name=NetD2_3
Added Pin To Net: NetName=NetD2_4 Pin=D2-4
Added Pin To Net: NetName=NetD2_4 Pin=R3-2
Added Net: Name=NetD2_4
Added Pin To Net: NetName=NetD3_3 Pin=D3-3
Added Pin To Net: NetName=NetD3_3 Pin=R6-2
Added Net: Name=NetD3_3
Added Pin To Net: NetName=NetD3_4 Pin=D3-4
Added Pin To Net: NetName=NetD3_4 Pin=R5-2
Added Net: Name=NetD3_4
Added Pin To Net: NetName=NetD4_3 Pin=D4-3
Added Pin To Net: NetName=NetD4_3 Pin=R8-2
Added Net: Name=NetD4_3
Added Pin To Net: NetName=NetD4_4 Pin=D4-4
Added Pin To Net: NetName=NetD4_4 Pin=R7-2
Added Net: Name=NetD4_4
