Added Pin To Net: NetName=3V3 Pin=P2-4
Added Net: Name=3V3
Added Pin To Net: NetName=GND Pin=P2-5
Added Net: Name=GND
Added Pin To Net: NetName=LEDEN Pin=P1-1
Added Net: Name=LEDEN
Added Pin To Net: NetName=LEDI Pin=P1-3
Added Net: Name=LEDI
Added Pin To Net: NetName=LEDVF Pin=P2-6
Added Net: Name=LEDVF
Added Pin To Net: NetName=PWMDIM Pin=P2-3
Added Net: Name=PWMDIM
Added Pin To Net: NetName=SCL Pin=P2-1
Added Net: Name=SCL
Added Pin To Net: NetName=SDA Pin=P2-2
Added Net: Name=SDA
Added Pin To Net: NetName=SPSTEMP Pin=P1-2
Added Net: Name=SPSTEMP
Added Class: Name=main
Added Room: Name=main
