Added Component: Designator=C14(0402_C)
Added Component: Designator=C15(0402_C)
Added Component: Designator=R14(0402_R)
Added Component: Designator=R15(0402_R)
Added Component: Designator=U5(DCK0005A_N)
Added Pin To Net: NetName=GND Pin=C14-1
Added Pin To Net: NetName=GND Pin=C15-1
Added Pin To Net: NetName=3V3 Pin=C15-2
Added Pin To Net: NetName=3V3 Pin=R14-1
Added Pin To Net: NetName=GND Pin=U5-3
Added Pin To Net: NetName=KEYI Pin=U5-4
Added Pin To Net: NetName=3V3 Pin=U5-5
Added Pin To Net: NetName=NetC14_2 Pin=C14-2
Added Pin To Net: NetName=NetC14_2 Pin=R14-2
Added Pin To Net: NetName=NetC14_2 Pin=R15-1
Added Pin To Net: NetName=NetC14_2 Pin=U5-2
Added Net: Name=NetC14_2
Added Member To Class: ClassName=main Member=Component C14 220nF (224) 10% 16V
Added Member To Class: ClassName=main Member=Component C15 100nF (104) 10% 16V
Added Member To Class: ClassName=main Member=Component R14 10K¦¸ (1002) ¡À1%
Added Member To Class: ClassName=main Member=Component R15 1K¦¸ (1001) ¡À1%
Added Member To Class: ClassName=main Member=Component U5 SN74LVC1G14DCKR
