Added Component: Designator=C4(0402_C)
Added Component: Designator=C5(0402_C)
Added Component: Designator=C6(0402_C)
Added Component: Designator=L1(0402_L)
Added Pin To Net: NetName=GND Pin=C4-1
Added Pin To Net: NetName=3V3 Pin=C4-2
Added Pin To Net: NetName=GND Pin=C5-2
Added Pin To Net: NetName=GND Pin=C6-2
Added Pin To Net: NetName=3V3 Pin=L1-1
Added Pin To Net: NetName=3V3 Pin=U1-10
Added Pin To Net: NetName=GND Pin=U1-11
Added Pin To Net: NetName=GND Pin=U1-32
Added Pin To Net: NetName=GND Pin=U1-33
Added Pin To Net: NetName=A3V3 Pin=C5-1
Added Pin To Net: NetName=A3V3 Pin=L1-2
Added Pin To Net: NetName=A3V3 Pin=U1-31
Added Net: Name=A3V3
Added Pin To Net: NetName=NetC6_1 Pin=C6-1
Added Pin To Net: NetName=NetC6_1 Pin=U1-9
Added Net: Name=NetC6_1
Added Member To Class: ClassName=main Member=Component C4 100nF (104) 10% 16V
Added Member To Class: ClassName=main Member=Component C5 100nF (104) 10% 16V
Added Member To Class: ClassName=main Member=Component C6 4.7uF (475) 20% 10V
Added Member To Class: ClassName=main Member=Component L1 10nH 5%
