Removed Member From Class: ClassName=main Member=C1
Removed Member From Class: ClassName=main Member=C8
Removed Member From Class: ClassName=main Member=C9
Removed Member From Class: ClassName=main Member=C10
Removed Member From Class: ClassName=main Member=C18
Removed Member From Class: ClassName=main Member=C21
Removed Member From Class: ClassName=main Member=C22
Removed Member From Class: ClassName=main Member=C23
Removed Member From Class: ClassName=main Member=C25
Removed Member From Class: ClassName=main Member=C26
Removed Member From Class: ClassName=main Member=C27
Removed Member From Class: ClassName=main Member=C29
Removed Member From Class: ClassName=main Member=C30
Removed Member From Class: ClassName=main Member=C31
Removed Member From Class: ClassName=main Member=C33
Removed Member From Class: ClassName=main Member=C34
Removed Member From Class: ClassName=main Member=D1
Removed Member From Class: ClassName=main Member=L2
Removed Member From Class: ClassName=main Member=P1
Removed Member From Class: ClassName=main Member=P2
Removed Member From Class: ClassName=main Member=Q1
Removed Member From Class: ClassName=main Member=R1
Removed Member From Class: ClassName=main Member=R2
Removed Member From Class: ClassName=main Member=R3
Removed Member From Class: ClassName=main Member=R5
Removed Member From Class: ClassName=main Member=R6
Removed Member From Class: ClassName=main Member=R9
Removed Member From Class: ClassName=main Member=R10
Removed Member From Class: ClassName=main Member=R11
Removed Member From Class: ClassName=main Member=R15
Removed Member From Class: ClassName=main Member=R17
Removed Member From Class: ClassName=main Member=R18
Removed Member From Class: ClassName=main Member=R20
Removed Member From Class: ClassName=main Member=U1
Removed Member From Class: ClassName=main Member=U4
Removed Member From Class: ClassName=main Member=U6
Removed Member From Class: ClassName=main Member=U7
Removed Member From Class: ClassName=main Member=U8
Removed Member From Class: ClassName=main Member=U9
Change Class Name : Old Net Name=main New Net Name=U_PowerAndInput
Added Class: Name=U_ConstController
Added Class: Name=U_MonitorAndMCUConn
Change Room Name: Old Name=main New Name=U_PowerAndInput
Change Room Scope: Old Scope=InComponentClass('main') New Scope=InComponentClass('U_PowerAndInput')
Added Room: Name=U_ConstController
Added Room: Name=U_MonitorAndMCUConn
