Added Component: Designator=C18(0402_C)
Added Component: Designator=R15(0402_R)
Added Component: Designator=R16(0402_R)
Added Component: Designator=U3(SOT95P245X110-5N)
Added Pin To Net: NetName=GND Pin=C18-1
Added Pin To Net: NetName=VTCBUS Pin=R15-2
Added Pin To Net: NetName=GND Pin=R16-1
Added Pin To Net: NetName=GND Pin=U3-2
Added Pin To Net: NetName=GND Pin=U3-3
Added Pin To Net: NetName=COMP Pin=U3-5
Added Net: Name=COMP
Added Pin To Net: NetName=DETECT Pin=R15-1
Added Pin To Net: NetName=DETECT Pin=R16-2
Added Pin To Net: NetName=DETECT Pin=U3-4
Added Net: Name=DETECT
Added Pin To Net: NetName=VAUX Pin=C18-2
Added Pin To Net: NetName=VAUX Pin=U3-1
Added Net: Name=VAUX
Added Member To Class: ClassName=main Member=Component C18 100nF (104) 10% 16V
Added Member To Class: ClassName=main Member=Component R15 15K¦¸ (1502) ¡À1%
Added Member To Class: ClassName=main Member=Component R16 510¦¸ (5100) ¡À1%
Added Member To Class: ClassName=main Member=Component U3 MAX9062EUK+
