Added Component: Designator=C16(0402_C)
Added Component: Designator=C17(0603_C)
Added Component: Designator=R14(0402_R)
Added Component: Designator=U2(SOT95P245X110-5N)
Added Pin To Net: NetName=GND Pin=C16-1
Added Pin To Net: NetName=GND Pin=C17-1
Added Pin To Net: NetName=VTCBUS Pin=R14-1
Added Pin To Net: NetName=GND Pin=U2-3
Added Pin To Net: NetName=GND Pin=U2-4
Added Pin To Net: NetName=3V3 Pin=C17-2
Added Pin To Net: NetName=3V3 Pin=U2-5
Added Net: Name=3V3
Added Pin To Net: NetName=NetC16_2 Pin=C16-2
Added Pin To Net: NetName=NetC16_2 Pin=R14-2
Added Pin To Net: NetName=NetC16_2 Pin=U2-1
Added Net: Name=NetC16_2
Added Member To Class: ClassName=main Member=Component C16 1.0uF (105) 10% 25V
Added Member To Class: ClassName=main Member=Component C17 10uF (106) 10% 10V
Added Member To Class: ClassName=main Member=Component R14 1¦¸ (1R00) ¡À1%
Added Member To Class: ClassName=main Member=Component U2 TPS7B6933DBVR
