Added Component: Designator=C1(0603_C)
Added Component: Designator=C2(0603_C)
Added Component: Designator=C3(0805_C)
Added Component: Designator=C4(0805_C)
Added Component: Designator=L1(XAL6030-xxxME)
Added Component: Designator=R1(0603_R)
Added Component: Designator=U1(QFN50P400X400X80_HS-25M)
Added Pin To Net: NetName=5V Pin=C3-2
Added Pin To Net: NetName=5V Pin=C4-2
Added Pin To Net: NetName=5V Pin=J1-A4
Added Pin To Net: NetName=5V Pin=J1-A9
Added Pin To Net: NetName=5V Pin=J1-B4
Added Pin To Net: NetName=5V Pin=J1-B9
Added Pin To Net: NetName=5V Pin=L1-1
Added Pin To Net: NetName=5V Pin=R1-1
Added Net: Name=5V
Added Pin To Net: NetName=GND Pin=C1-1
Added Pin To Net: NetName=GND Pin=C3-1
Added Pin To Net: NetName=GND Pin=C4-1
Added Pin To Net: NetName=GND Pin=J1-1
Added Pin To Net: NetName=GND Pin=J1-1
Added Pin To Net: NetName=GND Pin=J1-1
Added Pin To Net: NetName=GND Pin=J1-1
Added Pin To Net: NetName=GND Pin=J1-A1
Added Pin To Net: NetName=GND Pin=J1-A12
Added Pin To Net: NetName=GND Pin=J1-B1
Added Pin To Net: NetName=GND Pin=J1-B12
Added Pin To Net: NetName=GND Pin=U1-18
Added Pin To Net: NetName=GND Pin=U1-25
Added Net: Name=GND
Added Pin To Net: NetName=NetC1_2 Pin=C1-2
Added Pin To Net: NetName=NetC1_2 Pin=R1-2
Added Pin To Net: NetName=NetC1_2 Pin=U1-13
Added Net: Name=NetC1_2
Added Pin To Net: NetName=NetC2_1 Pin=C2-1
Added Pin To Net: NetName=NetC2_1 Pin=L1-2
Added Pin To Net: NetName=NetC2_1 Pin=U1-15
Added Pin To Net: NetName=NetC2_1 Pin=U1-16
Added Pin To Net: NetName=NetC2_1 Pin=U1-17
Added Net: Name=NetC2_1
Added Pin To Net: NetName=NetC2_2 Pin=C2-2
Added Pin To Net: NetName=NetC2_2 Pin=U1-14
Added Net: Name=NetC2_2
Added Member To Class: ClassName=main Member=Component C1 10uF (106) 10% 10V
Added Member To Class: ClassName=main Member=Component C2 100nF (104) 10% 50V
Added Member To Class: ClassName=main Member=Component C3 10uF (106) 10% 25V
Added Member To Class: ClassName=main Member=Component C4 10uF (106) 10% 25V
Added Member To Class: ClassName=main Member=Component L1 XAL6030-222MEC
Added Member To Class: ClassName=main Member=Component R1 1¦¸ (1R00) ¡À1%
Added Member To Class: ClassName=main Member=Component U1 IP2326
