Added Component: Designator=C5(0805_C)
Added Component: Designator=C6(0805_C)
Added Component: Designator=C7(0805_C)
Added Component: Designator=C8(0805_C)
Added Pin To Net: NetName=GND Pin=C5-2
Added Pin To Net: NetName=GND Pin=C6-1
Added Pin To Net: NetName=GND Pin=C7-1
Added Pin To Net: NetName=GND Pin=C8-1
Added Pin To Net: NetName=VBATT Pin=C5-1
Added Pin To Net: NetName=VBATT Pin=C6-2
Added Pin To Net: NetName=VBATT Pin=U1-21
Added Pin To Net: NetName=VBATT Pin=U1-22
Added Net: Name=VBATT
Added Pin To Net: NetName=VSYS Pin=C7-2
Added Pin To Net: NetName=VSYS Pin=C8-2
Added Pin To Net: NetName=VSYS Pin=U1-19
Added Pin To Net: NetName=VSYS Pin=U1-20
Added Net: Name=VSYS
Added Member To Class: ClassName=main Member=Component C5 22uF (226) 20% 25V
Added Member To Class: ClassName=main Member=Component C6 22uF (226) 20% 25V
Added Member To Class: ClassName=main Member=Component C7 22uF (226) 20% 25V
Added Member To Class: ClassName=main Member=Component C8 22uF (226) 20% 25V
