Added Component: Designator=C13(0603_C)
Added Component: Designator=R11(0603_R)
Added Component: Designator=R12(0603_R)
Added Component: Designator=U4(SOT95P245X110-5N)
Added Pin To Net: NetName=GND Pin=C13-1
Added Pin To Net: NetName=3V3 Pin=C13-2
Added Pin To Net: NetName=5V Pin=R11-1
Added Pin To Net: NetName=GND Pin=R12-1
Added Pin To Net: NetName=3V3 Pin=U4-1
Added Pin To Net: NetName=GND Pin=U4-2
Added Pin To Net: NetName=GND Pin=U4-3
Added Pin To Net: NetName=COMP Pin=U4-5
Added Net: Name=COMP
Added Pin To Net: NetName=NetR11_2 Pin=R11-2
Added Pin To Net: NetName=NetR11_2 Pin=R12-2
Added Pin To Net: NetName=NetR11_2 Pin=U4-4
Added Net: Name=NetR11_2
Added Member To Class: ClassName=main Member=Component C13 100nF (104) 10% 50V
Added Member To Class: ClassName=main Member=Component R10 2K¦¸ (2001) ¡À1%
Added Member To Class: ClassName=main Member=Component R11 15K¦¸ (1502) ¡À1%
Added Member To Class: ClassName=main Member=Component R12 510¦¸ (5100) ¡À1%
Added Member To Class: ClassName=main Member=Component U4 MAX9062EUK+
