Added Component: Designator=C1(0603_C)
Added Component: Designator=J1(k14端子)
Added Component: Designator=J2(k14端子)
Added Component: Designator=J3(k14端子)
Added Component: Designator=J4(k14端子)
Added Component: Designator=P1(HT3.96H/3)
Added Component: Designator=R1(Shunt6669)
Added Component: Designator=R2(0603_R)
Added Component: Designator=R3(0603_R)
Added Component: Designator=U1(SC70-6)
Added Pin To Net: NetName=LEDGND Pin=J1-1
Added Pin To Net: NetName=LEDGND Pin=J1-1
Added Pin To Net: NetName=LEDGND Pin=J1-1
Added Pin To Net: NetName=LEDGND Pin=J1-1
Added Pin To Net: NetName=LEDGND Pin=J2-1
Added Pin To Net: NetName=LEDGND Pin=J2-1
Added Pin To Net: NetName=LEDGND Pin=J2-1
Added Pin To Net: NetName=LEDGND Pin=J2-1
Added Net: Name=LEDGND
Added Pin To Net: NetName=NetJ3_1 Pin=J3-1
Added Pin To Net: NetName=NetJ3_1 Pin=J3-1
Added Pin To Net: NetName=NetJ3_1 Pin=J3-1
Added Pin To Net: NetName=NetJ3_1 Pin=J3-1
Added Pin To Net: NetName=NetJ3_1 Pin=R1-0
Added Net: Name=NetJ3_1
Added Pin To Net: NetName=NetJ4_1 Pin=J4-1
Added Pin To Net: NetName=NetJ4_1 Pin=J4-1
Added Pin To Net: NetName=NetJ4_1 Pin=J4-1
Added Pin To Net: NetName=NetJ4_1 Pin=J4-1
Added Pin To Net: NetName=NetJ4_1 Pin=R1-1
Added Net: Name=NetJ4_1
Added Pin To Net: NetName=S_N Pin=R1-2
Added Pin To Net: NetName=S_N Pin=R2-2
Added Net: Name=S_N
Added Pin To Net: NetName=S_P Pin=R1-3
Added Pin To Net: NetName=S_P Pin=R3-2
Added Net: Name=S_P
Added Pin To Net: NetName=SENS_N Pin=C1-1
Added Pin To Net: NetName=SENS_N Pin=R2-1
Added Pin To Net: NetName=SENS_N Pin=U1-5
Added Net: Name=SENS_N
Added Pin To Net: NetName=SENS_P Pin=C1-2
Added Pin To Net: NetName=SENS_P Pin=R3-1
Added Pin To Net: NetName=SENS_P Pin=U1-4
Added Net: Name=SENS_P
Added Class: Name=main
Added Room: Name=main
