Added Component: Designator=C2(0603_C)
Added Component: Designator=C3(0603_C)
Added Component: Designator=C4(0805_C)
Added Component: Designator=C?(0603_C)
Added Component: Designator=L1(IND0420)
Added Component: Designator=VR1(SOT-89(SOT-89-3))
Added Pin To Net: NetName=3V3 Pin=C3-2
Added Pin To Net: NetName=3V3 Pin=C?-2
Added Pin To Net: NetName=3V3 Pin=U1-3
Added Pin To Net: NetName=3V3 Pin=VR1-3
Added Net: Name=3V3
Added Pin To Net: NetName=12V Pin=C2-2
Added Pin To Net: NetName=12V Pin=L1-1
Added Pin To Net: NetName=12V Pin=P1-3
Added Net: Name=12V
Added Pin To Net: NetName=GND Pin=C2-1
Added Pin To Net: NetName=GND Pin=C3-1
Added Pin To Net: NetName=GND Pin=C4-1
Added Pin To Net: NetName=GND Pin=C?-1
Added Pin To Net: NetName=GND Pin=P1-2
Added Pin To Net: NetName=GND Pin=U1-1
Added Pin To Net: NetName=GND Pin=U1-2
Added Pin To Net: NetName=GND Pin=VR1-1
Added Net: Name=GND
Added Pin To Net: NetName=NetC4_2 Pin=C4-2
Added Pin To Net: NetName=NetC4_2 Pin=L1-2
Added Pin To Net: NetName=NetC4_2 Pin=VR1-2
Added Pin To Net: NetName=NetC4_2 Pin=VR1-2
Added Net: Name=NetC4_2
Added Pin To Net: NetName=VO Pin=P1-1
Added Net: Name=VO
Added Pin To Net: NetName=VOUT Pin=U1-6
Added Net: Name=VOUT
Added Member To Class: ClassName=main Member=Component C2 100nF (104) 10% 50V
Added Member To Class: ClassName=main Member=Component C3 10uF (106) 10% 10V
Added Member To Class: ClassName=main Member=Component C4 22uF (226) 20% 25V
Added Member To Class: ClassName=main Member=Component C? 100nF (104) 10% 50V
Added Member To Class: ClassName=main Member=Component L1 0420
Added Member To Class: ClassName=main Member=Component VR1 HT7533-1
