Added Component: Designator=C13(0603_C)
Added Component: Designator=D1(0603_LED_S1)
Added Component: Designator=D2(0603_LED_S1)
Added Component: Designator=R10(0603_R)
Added Component: Designator=R11(0603_R)
Added Component: Designator=U6(DBV0005A_N)
Added Pin To Net: NetName=GND Pin=C13-1
Added Pin To Net: NetName=3V3 Pin=C13-2
Added Pin To Net: NetName=3V3 Pin=R10-2
Added Pin To Net: NetName=GND Pin=R11-2
Added Pin To Net: NetName=SEL Pin=U6-2
Added Pin To Net: NetName=GND Pin=U6-3
Added Pin To Net: NetName=3V3 Pin=U6-5
Added Pin To Net: NetName=NetD1_A Pin=D1-A
Added Pin To Net: NetName=NetD1_A Pin=D2-K
Added Pin To Net: NetName=NetD1_A Pin=R10-1
Added Pin To Net: NetName=NetD1_A Pin=R11-1
Added Net: Name=NetD1_A
Added Pin To Net: NetName=NetD1_K Pin=D1-K
Added Pin To Net: NetName=NetD1_K Pin=D2-A
Added Pin To Net: NetName=NetD1_K Pin=U6-4
Added Net: Name=NetD1_K
Added Member To Class: ClassName=main Member=Component C13 100nF (104) 10% 50V
Added Member To Class: ClassName=main Member=Component D1 ÂÌµÆ 0603
Added Member To Class: ClassName=main Member=Component D2 »ÆµÆ 0603
Added Member To Class: ClassName=main Member=Component R10 4.7K¦¸ (4701) ¡À1%
Added Member To Class: ClassName=main Member=Component R11 4.7K¦¸ (4701) ¡À1%
Added Member To Class: ClassName=main Member=Component U6 SN74LVC1G17DBVR
